TN:
SF:src\App.jsx
FN:6,(anonymous_0)
FNF:1
FNH:1
FNDA:1,(anonymous_0)
DA:6,1
DA:7,1
LF:2
LH:2
BRF:0
BRH:0
end_of_record
TN:
SF:src\index.js
FNF:0
FNH:0
DA:9,0
DA:19,0
DA:24,0
LF:3
LH:0
BRF:0
BRH:0
end_of_record
TN:
SF:src\components\custom-button\custom-button.component.jsx
FN:6,(anonymous_0)
FNF:1
FNH:1
FNDA:1,(anonymous_0)
DA:6,3
DA:7,1
LF:2
LH:2
BRF:0
BRH:0
end_of_record
TN:
SF:src\components\custom-button\custom-button.styles.jsx
FN:34,(anonymous_0)
FNF:1
FNH:0
FNDA:0,(anonymous_0)
DA:3,3
DA:14,3
DA:25,3
DA:34,3
DA:35,0
DA:36,0
DA:39,0
DA:42,3
LF:8
LH:5
BRDA:35,0,0,0
BRDA:35,0,1,0
BRDA:39,1,0,0
BRDA:39,1,1,0
BRF:4
BRH:0
end_of_record
TN:
SF:src\components\form-input\form-input.component.jsx
FN:9,(anonymous_0)
FNF:1
FNH:1
FNDA:1,(anonymous_0)
DA:9,3
DA:10,1
LF:2
LH:2
BRDA:13,0,0,0
BRDA:13,0,1,1
BRF:2
BRH:1
end_of_record
TN:
SF:src\components\form-input\form-input.styles.jsx
FNF:0
FNH:0
DA:3,3
DA:4,3
DA:6,3
DA:12,3
DA:20,3
DA:40,3
LF:6
LH:6
BRF:0
BRH:0
end_of_record
TN:
SF:src\components\header\header.component.jsx
FN:5,(anonymous_0)
FNF:1
FNH:1
FNDA:1,(anonymous_0)
DA:5,3
DA:6,1
LF:2
LH:2
BRF:0
BRH:0
end_of_record
TN:
SF:src\components\header\header.styles.jsx
FNF:0
FNH:0
DA:5,3
DA:19,3
LF:2
LH:2
BRF:0
BRH:0
end_of_record
TN:
SF:src\pages\search\search.component.jsx
FN:13,(anonymous_0)
FN:21,(anonymous_1)
FN:26,(anonymous_2)
FNF:3
FNH:1
FNDA:1,(anonymous_0)
FNDA:0,(anonymous_1)
FNDA:0,(anonymous_2)
DA:13,2
DA:14,1
DA:16,1
DA:22,0
DA:27,0
DA:32,1
LF:6
LH:4
BRF:0
BRH:0
end_of_record
TN:
SF:src\pages\search\search.styles.jsx
FNF:0
FNH:0
DA:2,2
DA:8,2
DA:13,2
LF:3
LH:3
BRF:0
BRH:0
end_of_record
